Running: /opt/Xilinx/14.7/ISE_DS/ISE/bin/lin64/unwrapped/fuse -intstyle ise -incremental -o /home/ise/P1ADH/testbench_mult_sec_isim_beh.exe -prj /home/ise/P1ADH/testbench_mult_sec_beh.prj work.testbench_mult_sec 
ISim P.20131013 (signature 0xfbc00daa)
Number of CPUs detected in this system: 1
Turning on mult-threading, number of parallel sub-compilation jobs: 0 
Determining compilation order of HDL files
Parsing VHDL file "/home/ise/P1ADH/mult_sec.vhd" into library work
Parsing VHDL file "/home/ise/P1ADH/testbench_mult_sec.vhd" into library work
Starting static elaboration
Completed static elaboration
Fuse Memory Usage: 96824 KB
Fuse CPU Usage: 1000 ms
Compiling package standard
Compiling package std_logic_1164
Compiling package numeric_std
Compiling architecture behavioral of entity mult_sec [mult_sec_default]
Compiling architecture behavior of entity testbench_mult_sec
Time Resolution for simulation is 1ps.
Compiled 6 VHDL Units
Built simulation executable /home/ise/P1ADH/testbench_mult_sec_isim_beh.exe
Fuse Memory Usage: 111564 KB
Fuse CPU Usage: 1130 ms
GCC CPU Usage: 2710 ms
