Release 14.7 - xst P.20131013 (lin64)
Copyright (c) 1995-2013 Xilinx, Inc.  All rights reserved.
--> 
Parameter TMPDIR set to xst/projnav.tmp


Total REAL time to Xst completion: 0.00 secs
Total CPU time to Xst completion: 0.00 secs
 
--> 
Parameter xsthdpdir set to xst


Total REAL time to Xst completion: 0.00 secs
Total CPU time to Xst completion: 0.00 secs
 
--> 
Reading design: mult_sec.prj

TABLE OF CONTENTS
  1) Synthesis Options Summary
  2) HDL Compilation
  3) Design Hierarchy Analysis
  4) HDL Analysis
  5) HDL Synthesis
     5.1) HDL Synthesis Report
  6) Advanced HDL Synthesis
     6.1) Advanced HDL Synthesis Report
  7) Low Level Synthesis
  8) Partition Report
  9) Final Report
	9.1) Device utilization summary
	9.2) Partition Resource Summary
	9.3) TIMING REPORT


=========================================================================
*                      Synthesis Options Summary                        *
=========================================================================
---- Source Parameters
Input File Name                    : "mult_sec.prj"
Input Format                       : mixed
Ignore Synthesis Constraint File   : NO

---- Target Parameters
Output File Name                   : "mult_sec"
Output Format                      : NGC
Target Device                      : xc3s500e-4-fg320

---- Source Options
Top Module Name                    : mult_sec
Automatic FSM Extraction           : YES
FSM Encoding Algorithm             : Auto
Safe Implementation                : No
FSM Style                          : LUT
RAM Extraction                     : Yes
RAM Style                          : Auto
ROM Extraction                     : Yes
Mux Style                          : Auto
Decoder Extraction                 : YES
Priority Encoder Extraction        : Yes
Shift Register Extraction          : YES
Logical Shifter Extraction         : YES
XOR Collapsing                     : YES
ROM Style                          : Auto
Mux Extraction                     : Yes
Resource Sharing                   : YES
Asynchronous To Synchronous        : NO
Multiplier Style                   : Auto
Automatic Register Balancing       : No

---- Target Options
Add IO Buffers                     : YES
Global Maximum Fanout              : 500
Add Generic Clock Buffer(BUFG)     : 24
Register Duplication               : YES
Slice Packing                      : YES
Optimize Instantiated Primitives   : NO
Use Clock Enable                   : Yes
Use Synchronous Set                : Yes
Use Synchronous Reset              : Yes
Pack IO Registers into IOBs        : Auto
Equivalent register Removal        : YES

---- General Options
Optimization Goal                  : Speed
Optimization Effort                : 1
Keep Hierarchy                     : No
Netlist Hierarchy                  : As_Optimized
RTL Output                         : Yes
Global Optimization                : AllClockNets
Read Cores                         : YES
Write Timing Constraints           : NO
Cross Clock Analysis               : NO
Hierarchy Separator                : /
Bus Delimiter                      : <>
Case Specifier                     : Maintain
Slice Utilization Ratio            : 100
BRAM Utilization Ratio             : 100
Verilog 2001                       : YES
Auto BRAM Packing                  : NO
Slice Utilization Ratio Delta      : 5

=========================================================================


=========================================================================
*                          HDL Compilation                              *
=========================================================================
Compiling vhdl file "/home/ise/P1ADH/mult_sec.vhd" in Library work.
Entity <mult_sec> compiled.
Entity <mult_sec> (Architecture <Behavioral>) compiled.

=========================================================================
*                     Design Hierarchy Analysis                         *
=========================================================================
Analyzing hierarchy for entity <mult_sec> in library <work> (architecture <Behavioral>).


=========================================================================
*                            HDL Analysis                               *
=========================================================================
Analyzing Entity <mult_sec> in library <work> (Architecture <Behavioral>).
Entity <mult_sec> analyzed. Unit <mult_sec> generated.


=========================================================================
*                           HDL Synthesis                               *
=========================================================================

Performing bidirectional port resolution...

Synthesizing Unit <mult_sec>.
    Related source file is "/home/ise/P1ADH/mult_sec.vhd".
    Found finite state machine <FSM_0> for signal <state>.
    -----------------------------------------------------------------------
    | States             | 5                                              |
    | Transitions        | 7                                              |
    | Inputs             | 2                                              |
    | Outputs            | 4                                              |
    | Clock              | clk                       (rising_edge)        |
    | Reset              | rst                       (positive)           |
    | Reset type         | asynchronous                                   |
    | Reset State        | inicio                                         |
    | Power Up State     | inicio                                         |
    | Encoding           | automatic                                      |
    | Implementation     | LUT                                            |
    -----------------------------------------------------------------------
    Found 33-bit register for signal <CA>.
    Found 33-bit 4-to-1 multiplexer for signal <CA$mux0000>.
    Found 4-bit down counter for signal <cnt>.
    Found 32-bit register for signal <M>.
    Found 33-bit adder for signal <pp>.
    Found 16-bit register for signal <Q>.
    Summary:
	inferred   1 Finite State Machine(s).
	inferred   1 Counter(s).
	inferred  81 D-type flip-flop(s).
	inferred   1 Adder/Subtractor(s).
	inferred  33 Multiplexer(s).
Unit <mult_sec> synthesized.


=========================================================================
HDL Synthesis Report

Macro Statistics
# Adders/Subtractors                                   : 1
 33-bit adder                                          : 1
# Counters                                             : 1
 4-bit down counter                                    : 1
# Registers                                            : 3
 16-bit register                                       : 1
 32-bit register                                       : 1
 33-bit register                                       : 1
# Multiplexers                                         : 1
 33-bit 4-to-1 multiplexer                             : 1

=========================================================================

=========================================================================
*                       Advanced HDL Synthesis                          *
=========================================================================

Analyzing FSM <FSM_0> for best encoding.
Optimizing FSM <state/FSM> on signal <state[1:5]> with one-hot encoding.
---------------------------
 State         | Encoding
---------------------------
 inicio        | 00001
 sumacu        | 00100
 desdec        | 01000
 carga_inicial | 00010
 carga_salida  | 10000
---------------------------

=========================================================================
Advanced HDL Synthesis Report

Macro Statistics
# FSMs                                                 : 1
# Adders/Subtractors                                   : 1
 33-bit adder                                          : 1
# Counters                                             : 1
 4-bit down counter                                    : 1
# Registers                                            : 81
 Flip-Flops                                            : 81
# Multiplexers                                         : 1
 33-bit 4-to-1 multiplexer                             : 1

=========================================================================

=========================================================================
*                         Low Level Synthesis                           *
=========================================================================

Optimizing unit <mult_sec> ...

Mapping all equations...
Building and optimizing final netlist ...
Found area constraint ratio of 100 (+ 5) on block mult_sec, actual ratio is 1.

Final Macro Processing ...

=========================================================================
Final Register Report

Macro Statistics
# Registers                                            : 90
 Flip-Flops                                            : 90

=========================================================================

=========================================================================
*                           Partition Report                            *
=========================================================================

Partition Implementation Status
-------------------------------

  No Partitions were found in this design.

-------------------------------

=========================================================================
*                            Final Report                               *
=========================================================================
Final Results
RTL Top Level Output File Name     : mult_sec.ngr
Top Level Output File Name         : mult_sec
Output Format                      : NGC
Optimization Goal                  : Speed
Keep Hierarchy                     : No

Design Statistics
# IOs                              : 99

Cell Usage :
# BELS                             : 207
#      GND                         : 1
#      LUT2                        : 84
#      LUT2_D                      : 1
#      LUT3                        : 20
#      LUT4                        : 37
#      MUXCY                       : 32
#      XORCY                       : 32
# FlipFlops/Latches                : 90
#      FDC                         : 4
#      FDCE                        : 85
#      FDP                         : 1
# Clock Buffers                    : 1
#      BUFGP                       : 1
# IO Buffers                       : 98
#      IBUF                        : 50
#      OBUF                        : 48
=========================================================================

Device utilization summary:
---------------------------

Selected Device : 3s500efg320-4 

 Number of Slices:                       79  out of   4656     1%  
 Number of Slice Flip Flops:             90  out of   9312     0%  
 Number of 4 input LUTs:                142  out of   9312     1%  
 Number of IOs:                          99
 Number of bonded IOBs:                  99  out of    232    42%  
 Number of GCLKs:                         1  out of     24     4%  

---------------------------
Partition Resource Summary:
---------------------------

  No Partitions were found in this design.

---------------------------


=========================================================================
TIMING REPORT

NOTE: THESE TIMING NUMBERS ARE ONLY A SYNTHESIS ESTIMATE.
      FOR ACCURATE TIMING INFORMATION PLEASE REFER TO THE TRACE REPORT
      GENERATED AFTER PLACE-and-ROUTE.

Clock Information:
------------------
-----------------------------------+------------------------+-------+
Clock Signal                       | Clock buffer(FF name)  | Load  |
-----------------------------------+------------------------+-------+
clk                                | BUFGP                  | 90    |
-----------------------------------+------------------------+-------+

Asynchronous Control Signals Information:
----------------------------------------
-----------------------------------+------------------------+-------+
Control Signal                     | Buffer(FF name)        | Load  |
-----------------------------------+------------------------+-------+
rst                                | IBUF                   | 90    |
-----------------------------------+------------------------+-------+

Timing Summary:
---------------
Speed Grade: -4

   Minimum period: 6.379ns (Maximum Frequency: 156.764MHz)
   Minimum input arrival time before clock: 2.852ns
   Maximum output required time after clock: 6.430ns
   Maximum combinational path delay: No path found

Timing Detail:
--------------
All values displayed in nanoseconds (ns)

=========================================================================
Timing constraint: Default period analysis for Clock 'clk'
  Clock period: 6.379ns (frequency: 156.764MHz)
  Total number of paths / destination ports: 2044 / 143
-------------------------------------------------------------------------
Delay:               6.379ns (Levels of Logic = 34)
  Source:            CA_0 (FF)
  Destination:       CA_31 (FF)
  Source Clock:      clk rising
  Destination Clock: clk rising

  Data Path: CA_0 to CA_31
                                Gate     Net
    Cell:in->out      fanout   Delay   Delay  Logical Name (Net Name)
    ----------------------------------------  ------------
     FDCE:C->Q             3   0.591   0.610  CA_0 (CA_0)
     LUT2:I1->O            1   0.704   0.000  Madd_pp_lut<0> (Madd_pp_lut<0>)
     MUXCY:S->O            1   0.464   0.000  Madd_pp_cy<0> (Madd_pp_cy<0>)
     MUXCY:CI->O           1   0.059   0.000  Madd_pp_cy<1> (Madd_pp_cy<1>)
     MUXCY:CI->O           1   0.059   0.000  Madd_pp_cy<2> (Madd_pp_cy<2>)
     MUXCY:CI->O           1   0.059   0.000  Madd_pp_cy<3> (Madd_pp_cy<3>)
     MUXCY:CI->O           1   0.059   0.000  Madd_pp_cy<4> (Madd_pp_cy<4>)
     MUXCY:CI->O           1   0.059   0.000  Madd_pp_cy<5> (Madd_pp_cy<5>)
     MUXCY:CI->O           1   0.059   0.000  Madd_pp_cy<6> (Madd_pp_cy<6>)
     MUXCY:CI->O           1   0.059   0.000  Madd_pp_cy<7> (Madd_pp_cy<7>)
     MUXCY:CI->O           1   0.059   0.000  Madd_pp_cy<8> (Madd_pp_cy<8>)
     MUXCY:CI->O           1   0.059   0.000  Madd_pp_cy<9> (Madd_pp_cy<9>)
     MUXCY:CI->O           1   0.059   0.000  Madd_pp_cy<10> (Madd_pp_cy<10>)
     MUXCY:CI->O           1   0.059   0.000  Madd_pp_cy<11> (Madd_pp_cy<11>)
     MUXCY:CI->O           1   0.059   0.000  Madd_pp_cy<12> (Madd_pp_cy<12>)
     MUXCY:CI->O           1   0.059   0.000  Madd_pp_cy<13> (Madd_pp_cy<13>)
     MUXCY:CI->O           1   0.059   0.000  Madd_pp_cy<14> (Madd_pp_cy<14>)
     MUXCY:CI->O           1   0.059   0.000  Madd_pp_cy<15> (Madd_pp_cy<15>)
     MUXCY:CI->O           1   0.059   0.000  Madd_pp_cy<16> (Madd_pp_cy<16>)
     MUXCY:CI->O           1   0.059   0.000  Madd_pp_cy<17> (Madd_pp_cy<17>)
     MUXCY:CI->O           1   0.059   0.000  Madd_pp_cy<18> (Madd_pp_cy<18>)
     MUXCY:CI->O           1   0.059   0.000  Madd_pp_cy<19> (Madd_pp_cy<19>)
     MUXCY:CI->O           1   0.059   0.000  Madd_pp_cy<20> (Madd_pp_cy<20>)
     MUXCY:CI->O           1   0.059   0.000  Madd_pp_cy<21> (Madd_pp_cy<21>)
     MUXCY:CI->O           1   0.059   0.000  Madd_pp_cy<22> (Madd_pp_cy<22>)
     MUXCY:CI->O           1   0.059   0.000  Madd_pp_cy<23> (Madd_pp_cy<23>)
     MUXCY:CI->O           1   0.059   0.000  Madd_pp_cy<24> (Madd_pp_cy<24>)
     MUXCY:CI->O           1   0.059   0.000  Madd_pp_cy<25> (Madd_pp_cy<25>)
     MUXCY:CI->O           1   0.059   0.000  Madd_pp_cy<26> (Madd_pp_cy<26>)
     MUXCY:CI->O           1   0.059   0.000  Madd_pp_cy<27> (Madd_pp_cy<27>)
     MUXCY:CI->O           1   0.059   0.000  Madd_pp_cy<28> (Madd_pp_cy<28>)
     MUXCY:CI->O           1   0.059   0.000  Madd_pp_cy<29> (Madd_pp_cy<29>)
     MUXCY:CI->O           1   0.059   0.000  Madd_pp_cy<30> (Madd_pp_cy<30>)
     XORCY:CI->O           1   0.804   0.424  Madd_pp_xor<31> (pp<31>)
     LUT4:I3->O            1   0.704   0.000  Mmux_CA_mux0000231 (CA_mux0000<1>)
     FDCE:D                    0.308          CA_31
    ----------------------------------------
    Total                      6.379ns (5.345ns logic, 1.034ns route)
                                       (83.8% logic, 16.2% route)

=========================================================================
Timing constraint: Default OFFSET IN BEFORE for Clock 'clk'
  Total number of paths / destination ports: 50 / 50
-------------------------------------------------------------------------
Offset:              2.852ns (Levels of Logic = 2)
  Source:            I (PAD)
  Destination:       state_FSM_FFd4 (FF)
  Destination Clock: clk rising

  Data Path: I to state_FSM_FFd4
                                Gate     Net
    Cell:in->out      fanout   Delay   Delay  Logical Name (Net Name)
    ----------------------------------------  ------------
     IBUF:I->O             2   1.218   0.622  I_IBUF (I_IBUF)
     LUT2:I0->O            1   0.704   0.000  state_FSM_FFd4-In1 (state_FSM_FFd4-In)
     FDC:D                     0.308          state_FSM_FFd4
    ----------------------------------------
    Total                      2.852ns (2.230ns logic, 0.622ns route)
                                       (78.2% logic, 21.8% route)

=========================================================================
Timing constraint: Default OFFSET OUT AFTER for Clock 'clk'
  Total number of paths / destination ports: 96 / 48
-------------------------------------------------------------------------
Offset:              6.430ns (Levels of Logic = 2)
  Source:            state_FSM_FFd1 (FF)
  Destination:       outbus<47> (PAD)
  Source Clock:      clk rising

  Data Path: state_FSM_FFd1 to outbus<47>
                                Gate     Net
    Cell:in->out      fanout   Delay   Delay  Logical Name (Net Name)
    ----------------------------------------  ------------
     FDC:C->Q             49   0.591   1.443  state_FSM_FFd1 (state_FSM_FFd1)
     LUT2:I0->O            1   0.704   0.420  outbus<9>1 (outbus_9_OBUF)
     OBUF:I->O                 3.272          outbus_9_OBUF (outbus<9>)
    ----------------------------------------
    Total                      6.430ns (4.567ns logic, 1.863ns route)
                                       (71.0% logic, 29.0% route)

=========================================================================


Total REAL time to Xst completion: 10.00 secs
Total CPU time to Xst completion: 1.89 secs
 
--> 


Total memory usage is 611576 kilobytes

Number of errors   :    0 (   0 filtered)
Number of warnings :    0 (   0 filtered)
Number of infos    :    0 (   0 filtered)

